<?xml version="1.0" encoding="UTF-8"?>
<!-- Generated by org.testng.reporters.JUnitReportReporter -->
<testsuite skipped="0" hostname="RFLX-LPT-111" name="ecs_digital_framework.ecs_digital_framework.ESC_TableTest" tests="1" failures="0" timestamp="2021-04-07T00:15:51 IST" time="17.937" errors="0">
  <testcase name="TableTest" time="17.937" classname="ecs_digital_framework.ecs_digital_framework.ESC_TableTest"/>
</testsuite> <!-- ecs_digital_framework.ecs_digital_framework.ESC_TableTest -->
